# JRE version: Java(TM) SE Runtime Environment (21.0.3+7) (build 21.0.3+7-LTS-152)
# Java VM: Java HotSpot(TM) 64-Bit Server VM (21.0.3+7-LTS-152, mixed mode, sharing, tiered, compressed oops, compressed class ptrs, g1 gc, windows-amd64)
GC Precious Log:
 CardTable entry size: 512
 Card Set container configuration: InlinePtr #cards 5 size 8 Array Of Cards #cards 12 size 40 Howl #buckets 4 coarsen threshold 1843 Howl Bitmap #cards 512 size 80 coarsen threshold 460 Card regions per heap region 1 cards per card region 2048
 CPUs: 8 total, 8 available
 Memory: 7967M
 Large Page Support: Disabled
 NUMA Support: Disabled
 Compressed Oops: Enabled (32-bit)
 Heap Region Size: 1M
 Heap Min Capacity: 256M
 Heap Initial Capacity: 256M
 Heap Max Capacity: 512M
 Pre-touch: Disabled
 Parallel Workers: 8
 Concurrent Workers: 2
 Concurrent Refinement Workers: 8
 Periodic GC: Disabled
Heap:
 garbage-first heap   total 297984K, used 228864K [0x00000000e0000000, 0x0000000100000000)
  region size 1024K, 81 young (82944K), 16 survivors (16384K)
 Metaspace       used 52632K, committed 54144K, reserved 393216K
  class space    used 7487K, committed 8192K, reserved 327680K
GC Heap History (20 events):
Event: 6.934 GC heap before
{Heap before GC invocations=5 (full 0):
 garbage-first heap   total 262144K, used 154066K [0x00000000e0000000, 0x0000000100000000)
  region size 1024K, 133 young (136192K), 13 survivors (13312K)
 Metaspace       used 34699K, committed 35968K, reserved 393216K
  class space    used 5110K, committed 5760K, reserved 327680K
}
Event: 6.951 GC heap after
{Heap after GC invocations=6 (full 0):
 garbage-first heap   total 262144K, used 42461K [0x00000000e0000000, 0x0000000100000000)
  region size 1024K, 19 young (19456K), 19 survivors (19456K)
 Metaspace       used 34699K, committed 35968K, reserved 393216K
  class space    used 5110K, committed 5760K, reserved 327680K
}
Event: 6.984 GC heap before
{Heap before GC invocations=6 (full 0):
 garbage-first heap   total 262144K, used 44509K [0x00000000e0000000, 0x0000000100000000)
  region size 1024K, 22 young (22528K), 19 survivors (19456K)
 Metaspace       used 35043K, committed 36288K, reserved 393216K
  class space    used 5192K, committed 5824K, reserved 327680K
}
Event: 6.994 GC heap after
{Heap after GC invocations=7 (full 0):
 garbage-first heap   total 262144K, used 41041K [0x00000000e0000000, 0x0000000100000000)
  region size 1024K, 9 young (9216K), 9 survivors (9216K)
 Metaspace       used 35043K, committed 36288K, reserved 393216K
  class space    used 5192K, committed 5824K, reserved 327680K
}
Event: 7.022 GC heap before
{Heap before GC invocations=7 (full 0):
 garbage-first heap   total 262144K, used 43089K [0x00000000e0000000, 0x0000000100000000)
  region size 1024K, 12 young (12288K), 9 survivors (9216K)
 Metaspace       used 35375K, committed 36608K, reserved 393216K
  class space    used 5302K, committed 5888K, reserved 327680K
}
Event: 7.026 GC heap after
{Heap after GC invocations=8 (full 0):
 garbage-first heap   total 262144K, used 41124K [0x00000000e0000000, 0x0000000100000000)
  region size 1024K, 9 young (9216K), 9 survivors (9216K)
 Metaspace       used 35375K, committed 36608K, reserved 393216K
  class space    used 5302K, committed 5888K, reserved 327680K
}
Event: 8.934 GC heap before
{Heap before GC invocations=9 (full 0):
 garbage-first heap   total 262144K, used 193700K [0x00000000e0000000, 0x0000000100000000)
  region size 1024K, 153 young (156672K), 9 survivors (9216K)
 Metaspace       used 46098K, committed 47488K, reserved 393216K
  class space    used 6518K, committed 7168K, reserved 327680K
}
Event: 8.946 GC heap after
{Heap after GC invocations=10 (full 0):
 garbage-first heap   total 262144K, used 50268K [0x00000000e0000000, 0x0000000100000000)
  region size 1024K, 18 young (18432K), 18 survivors (18432K)
 Metaspace       used 46098K, committed 47488K, reserved 393216K
  class space    used 6518K, committed 7168K, reserved 327680K
}
Event: 10.062 GC heap before
{Heap before GC invocations=10 (full 0):
 garbage-first heap   total 262144K, used 196700K [0x00000000e0000000, 0x0000000100000000)
  region size 1024K, 153 young (156672K), 18 survivors (18432K)
 Metaspace       used 51131K, committed 52608K, reserved 393216K
  class space    used 7346K, committed 8064K, reserved 327680K
}
Event: 10.077 GC heap after
{Heap after GC invocations=11 (full 0):
 garbage-first heap   total 262144K, used 65061K [0x00000000e0000000, 0x0000000100000000)
  region size 1024K, 16 young (16384K), 16 survivors (16384K)
 Metaspace       used 51131K, committed 52608K, reserved 393216K
  class space    used 7346K, committed 8064K, reserved 327680K
}
Event: 10.347 GC heap before
{Heap before GC invocations=11 (full 0):
 garbage-first heap   total 262144K, used 204325K [0x00000000e0000000, 0x0000000100000000)
  region size 1024K, 153 young (156672K), 16 survivors (16384K)
 Metaspace       used 51184K, committed 52672K, reserved 393216K
  class space    used 7349K, committed 8064K, reserved 327680K
}
Event: 10.358 GC heap after
{Heap after GC invocations=12 (full 0):
 garbage-first heap   total 262144K, used 71456K [0x00000000e0000000, 0x0000000100000000)
  region size 1024K, 14 young (14336K), 14 survivors (14336K)
 Metaspace       used 51184K, committed 52672K, reserved 393216K
  class space    used 7349K, committed 8064K, reserved 327680K
}
Event: 10.564 GC heap before
{Heap before GC invocations=12 (full 0):
 garbage-first heap   total 262144K, used 213792K [0x00000000e0000000, 0x0000000100000000)
  region size 1024K, 153 young (156672K), 14 survivors (14336K)
 Metaspace       used 51184K, committed 52672K, reserved 393216K
  class space    used 7349K, committed 8064K, reserved 327680K
}
Event: 10.573 GC heap after
{Heap after GC invocations=13 (full 0):
 garbage-first heap   total 262144K, used 78303K [0x00000000e0000000, 0x0000000100000000)
  region size 1024K, 14 young (14336K), 14 survivors (14336K)
 Metaspace       used 51184K, committed 52672K, reserved 393216K
  class space    used 7349K, committed 8064K, reserved 327680K
}
Event: 10.896 GC heap before
{Heap before GC invocations=13 (full 0):
 garbage-first heap   total 262144K, used 220639K [0x00000000e0000000, 0x0000000100000000)
  region size 1024K, 153 young (156672K), 14 survivors (14336K)
 Metaspace       used 51219K, committed 52736K, reserved 393216K
  class space    used 7349K, committed 8064K, reserved 327680K
}
Event: 10.905 GC heap after
{Heap after GC invocations=14 (full 0):
 garbage-first heap   total 262144K, used 81927K [0x00000000e0000000, 0x0000000100000000)
  region size 1024K, 14 young (14336K), 14 survivors (14336K)
 Metaspace       used 51219K, committed 52736K, reserved 393216K
  class space    used 7349K, committed 8064K, reserved 327680K
}
Event: 11.555 GC heap before
{Heap before GC invocations=14 (full 0):
 garbage-first heap   total 262144K, used 229383K [0x00000000e0000000, 0x0000000100000000)
  region size 1024K, 153 young (156672K), 14 survivors (14336K)
 Metaspace       used 51488K, committed 52992K, reserved 393216K
  class space    used 7382K, committed 8128K, reserved 327680K
}
Event: 11.612 GC heap after
{Heap after GC invocations=15 (full 0):
 garbage-first heap   total 297984K, used 136192K [0x00000000e0000000, 0x0000000100000000)
  region size 1024K, 20 young (20480K), 20 survivors (20480K)
 Metaspace       used 51488K, committed 52992K, reserved 393216K
  class space    used 7382K, committed 8128K, reserved 327680K
}
Event: 11.950 GC heap before
{Heap before GC invocations=15 (full 0):
 garbage-first heap   total 297984K, used 241664K [0x00000000e0000000, 0x0000000100000000)
  region size 1024K, 121 young (123904K), 20 survivors (20480K)
 Metaspace       used 52369K, committed 53888K, reserved 393216K
  class space    used 7473K, committed 8192K, reserved 327680K
}
Event: 11.981 GC heap after
{Heap after GC invocations=16 (full 0):
 garbage-first heap   total 297984K, used 163328K [0x00000000e0000000, 0x0000000100000000)
  region size 1024K, 16 young (16384K), 16 survivors (16384K)
 Metaspace       used 52369K, committed 53888K, reserved 393216K
  class space    used 7473K, committed 8192K, reserved 327680K
}

